Log file open, 01/16/19 13:23:58
LogWindows: Failed to load 'aqProf.dll' (GetLastError=126)
LogWindows: File 'aqProf.dll' does not exist
LogWindows: Failed to load 'VtuneApi.dll' (GetLastError=126)
LogWindows: File 'VtuneApi.dll' does not exist
LogWindows: Failed to load 'VtuneApi32e.dll' (GetLastError=126)
LogWindows: File 'VtuneApi32e.dll' does not exist
LogInit: Display: Running engine for game: KY_WhiteBox
LogPlatformFile: Not using cached read wrapper
LogTaskGraph: Started task graph with 5 named threads and 23 total threads with 3 sets of task threads.
LogStats: Stats thread started at 0.279160
LogD3D11RHI: Loaded GFSDK_Aftermath_Lib.x64.dll
LogICUInternationalization: Display: ICU TimeZone Detection - Raw Offset: -7:00, Platform Override: ''
LogPluginManager: Mounting plugin Paper2D
LogPluginManager: Mounting plugin AISupport
LogPluginManager: Mounting plugin LightPropagationVolume
LogPluginManager: Mounting plugin CLionSourceCodeAccess
LogPluginManager: Mounting plugin CodeLiteSourceCodeAccess
LogPluginManager: Mounting plugin GitSourceControl
LogPluginManager: Mounting plugin KDevelopSourceCodeAccess
LogPluginManager: Mounting plugin NullSourceCodeAccess
LogPluginManager: Mounting plugin PerforceSourceControl
LogPluginManager: Mounting plugin SubversionSourceControl
LogPluginManager: Mounting plugin UObjectPlugin
LogPluginManager: Mounting plugin VisualStudioCodeSourceCodeAccess
LogPluginManager: Mounting plugin VisualStudioSourceCodeAccess
LogPluginManager: Mounting plugin XCodeSourceCodeAccess
LogPluginManager: Mounting plugin AssetManagerEditor
LogPluginManager: Mounting plugin CryptoKeys
LogPluginManager: Mounting plugin DataValidation
LogPluginManager: Mounting plugin FacialAnimation
LogPluginManager: Mounting plugin GameplayTagsEditor
LogPluginManager: Mounting plugin MacGraphicsSwitching
LogPluginManager: Mounting plugin MeshEditor
LogPluginManager: Mounting plugin MobileLauncherProfileWizard
LogPluginManager: Mounting plugin PluginBrowser
LogPluginManager: Mounting plugin SpeedTreeImporter
LogPluginManager: Mounting plugin DatasmithContent
LogPluginManager: Mounting plugin AlembicImporter
LogPluginManager: Mounting plugin AppleImageUtils
LogPluginManager: Mounting plugin AppleVision
LogPluginManager: Mounting plugin BackChannel
LogPluginManager: Mounting plugin CharacterAI
LogPluginManager: Mounting plugin GeometryCache
LogPluginManager: Mounting plugin HTML5Networking
LogPluginManager: Mounting plugin ProxyLODPlugin
LogPluginManager: Mounting plugin MagicLeap
LogPluginManager: Mounting plugin MagicLeapEmulator
LogPluginManager: Mounting plugin MagicLeapMedia
LogPluginManager: Mounting plugin AndroidMedia
LogPluginManager: Mounting plugin AvfMedia
LogPluginManager: Mounting plugin ImgMedia
LogPluginManager: Mounting plugin LinearTimecode
LogPluginManager: Mounting plugin MediaCompositing
LogPluginManager: Mounting plugin MediaPlayerEditor
LogPluginManager: Mounting plugin WmfMedia
LogPluginManager: Mounting plugin TcpMessaging
LogPluginManager: Mounting plugin UdpMessaging
LogPluginManager: Mounting plugin ActorSequence
LogPluginManager: Mounting plugin LevelSequenceEditor
LogPluginManager: Mounting plugin MatineeToLevelSequence
LogPluginManager: Mounting plugin NetcodeUnitTest
LogPluginManager: Mounting plugin NUTUnrealEngine4
LogPluginManager: Mounting plugin OnlineSubsystemGooglePlay
LogPluginManager: Mounting plugin OnlineSubsystemIOS
LogPluginManager: Mounting plugin OnlineSubsystem
LogPluginManager: Mounting plugin OnlineSubsystemNull
LogPluginManager: Mounting plugin OnlineSubsystemUtils
LogPluginManager: Mounting plugin LauncherChunkInstaller
LogPluginManager: Mounting plugin AndroidDeviceProfileSelector
LogPluginManager: Mounting plugin AndroidMoviePlayer
LogPluginManager: Mounting plugin AndroidPermission
LogPluginManager: Mounting plugin AppleMoviePlayer
LogPluginManager: Mounting plugin ArchVisCharacter
LogPluginManager: Mounting plugin AudioCapture
LogPluginManager: Mounting plugin CableComponent
LogPluginManager: Mounting plugin CustomMeshComponent
LogPluginManager: Mounting plugin EditableMesh
LogPluginManager: Mounting plugin ExampleDeviceProfileSelector
LogPluginManager: Mounting plugin GoogleCloudMessaging
LogPluginManager: Mounting plugin ImmediatePhysics
LogPluginManager: Mounting plugin IOSDeviceProfileSelector
LogPluginManager: Mounting plugin LinuxDeviceProfileSelector
LogPluginManager: Mounting plugin LocationServicesBPLibrary
LogPluginManager: Mounting plugin MobilePatchingUtils
LogPluginManager: Mounting plugin OculusVR
LogPluginManager: Plugin shader directory ../../../Engine/Plugins/Runtime/Oculus/OculusVR/Shaders found
LogPluginManager: Mapping shader source directory ../../../Engine/Plugins/Runtime/Oculus/OculusVR/Shaders to virtual directory /Plugin/OculusVR
LogPluginManager: Mounting plugin PhysXVehicles
LogPluginManager: Mounting plugin ProceduralMeshComponent
LogPluginManager: Mounting plugin RuntimePhysXCooking
LogPluginManager: Mounting plugin SteamVR
LogPluginManager: Mounting plugin WindowsMoviePlayer
LogStreaming: Display: Took  0.107s to configure plugins.
LogInit: Using libcurl 7.55.1-DEV
LogInit:  - built for x86_64-pc-win32
LogInit:  - supports SSL with OpenSSL/1.0.2h
LogInit:  - supports HTTP deflate (compression) using libz 1.2.8
LogInit:  - other features:
LogInit:      CURL_VERSION_SSL
LogInit:      CURL_VERSION_LIBZ
LogInit:      CURL_VERSION_IPV6
LogInit:      CURL_VERSION_ASYNCHDNS
LogInit:      CURL_VERSION_LARGEFILE
LogInit:      CURL_VERSION_IDN
LogInit:  CurlRequestOptions (configurable via config and command line):
LogInit:  - bVerifyPeer = false  - Libcurl will NOT verify peer certificate
LogInit:  - bUseHttpProxy = false  - Libcurl will NOT use HTTP proxy
LogInit:  - bDontReuseConnections = false  - Libcurl will reuse connections
LogInit:  - CertBundlePath = nullptr  - Libcurl will use whatever was configured at build time.
LogInit:  - MaxHostConnections = 16  - Libcurl will limit the number of connections to a host
LogInit:  - LocalHostAddr = Default
LogInit:  - BufferSize = 65536
LogInit: WinSock: version 1.1 (2.2), MaxSocks=32767, MaxUdp=65467
LogInit: Build: ++UE4+Release-4.20-CL-4369336
LogInit: Engine Version: 4.20.3-4369336+++UE4+Release-4.20
LogInit: Compatible Engine Version: 4.20.0-4212847+++UE4+Release-4.20
LogInit: Net CL: 4212847
LogInit: OS: Windows 10 (), CPU: Intel(R) Core(TM) i7-8809G CPU @ 3.10GHz, GPU: Radeon RX Vega M GH Graphics
LogInit: Compiled (64-bit): Sep 17 2018 12:26:19
LogInit: Compiled with Visual C++: 19.13.26129.00
LogInit: Build Configuration: Development
LogInit: Branch Name: ++UE4+Release-4.20
LogInit: Command Line: -EpicPortal  -epicusername="GreatOdim" -epicuserid=ab8b81621475436b897f34c5b6f848ea -epiclocale=en-US
LogInit: Base Directory: C:/Program Files/Epic Games/UE_4.20/Engine/Binaries/Win64/
LogInit: Installed Engine Build: 1
LogDevObjectVersion: Number of dev versions registered: 20
LogDevObjectVersion:   Dev-Blueprints (B0D832E4-1F89-4F0D-ACCF-7EB736FD4AA2): 10
LogDevObjectVersion:   Dev-Build (E1C64328-A22C-4D53-A36C-8E866417BD8C): 0
LogDevObjectVersion:   Dev-Core (375EC13C-06E4-48FB-B500-84F0262A717E): 2
LogDevObjectVersion:   Dev-Editor (E4B068ED-F494-42E9-A231-DA0B2E46BB41): 24
LogDevObjectVersion:   Dev-Framework (CFFC743F-43B0-4480-9391-14DF171D2073): 34
LogDevObjectVersion:   Dev-Mobile (B02B49B5-BB20-44E9-A304-32B752E40360): 2
LogDevObjectVersion:   Dev-Networking (A4E4105C-59A1-49B5-A7C5-40C4547EDFEE): 0
LogDevObjectVersion:   Dev-Online (39C831C9-5AE6-47DC-9A44-9C173E1C8E7C): 0
LogDevObjectVersion:   Dev-Physics (78F01B33-EBEA-4F98-B9B4-84EACCB95AA2): 0
LogDevObjectVersion:   Dev-Platform (6631380F-2D4D-43E0-8009-CF276956A95A): 0
LogDevObjectVersion:   Dev-Rendering (12F88B9F-8875-4AFC-A67C-D90C383ABD29): 26
LogDevObjectVersion:   Dev-Sequencer (7B5AE74C-D270-4C10-A958-57980B212A5A): 9
LogDevObjectVersion:   Dev-VR (D7296918-1DD6-4BDD-9DE2-64A83CC13884): 2
LogDevObjectVersion:   Dev-LoadTimes (C2A15278-BFE7-4AFE-6C17-90FF531DF755): 1
LogDevObjectVersion:   Private-Geometry (6EACA3D4-40EC-4CC1-B786-8BED09428FC5): 3
LogDevObjectVersion:   Dev-AnimPhys (29E575DD-E0A3-4627-9D10-D276232CDCEA): 17
LogDevObjectVersion:   Dev-ReflectionCapture (6B266CEC-1EC7-4B8F-A30B-E4D90942FC07): 1
LogDevObjectVersion:   Dev-Automation (0DF73D61-A23F-47EA-B727-89E90C41499A): 1
LogDevObjectVersion:   FortniteMain (601D1886-AC64-4F84-AA16-D3DE0DEAC7D6): 12
LogDevObjectVersion:   Dev-Enterprise (9DFFBCD6-494F-0158-E221-12823C92A888): 1
LogStreaming: Display: Took  0.000s to delete old logs.
LogInit: Presizing for max 8388607 objects, including 0 objects not considered by GC, pre-allocating 0 bytes for permanent pool.
LogInit: Object subsystem initialized
[2019.01.16-20.23.58:302][  0]LogInit: Selected Device Profile: [Windows]
[2019.01.16-20.23.58:302][  0]LogInit: Applying CVar settings loaded from the selected device profile: [Windows]
[2019.01.16-20.23.58:321][  0]LogHAL: Display: Platform has ~ 16 GB [17095385088 / 17179869184 / 16], which maps to Larger [LargestMinGB=32, LargerMinGB=12, DefaultMinGB=8, SmallerMinGB=6, SmallestMinGB=0)
[2019.01.16-20.23.58:321][  0]LogInit: Setting Device Profile CVar: [[r.Vulkan.UseRealUBs:1]]
[2019.01.16-20.23.58:321][  0]LogInit: Going up to parent DeviceProfile []
[2019.01.16-20.23.58:322][  0]LogInit: Computer: eae-n-024
[2019.01.16-20.23.58:322][  0]LogInit: User: u0911848
[2019.01.16-20.23.58:322][  0]LogInit: CPU Page size=4096, Cores=4
[2019.01.16-20.23.58:322][  0]LogInit: High frequency timer resolution =3.023440 MHz
[2019.01.16-20.23.58:322][  0]LogMemory: Memory total: Physical=15.9GB (16GB approx)
[2019.01.16-20.23.58:322][  0]LogMemory: Platform Memory Stats for Windows
[2019.01.16-20.23.58:322][  0]LogMemory: Process Physical Memory: 99.91 MB used, 99.91 MB peak
[2019.01.16-20.23.58:322][  0]LogMemory: Process Virtual Memory: 91.24 MB used, 91.24 MB peak
[2019.01.16-20.23.58:322][  0]LogMemory: Physical Memory: 6894.05 MB used,  9409.38 MB free, 16303.43 MB total
[2019.01.16-20.23.58:322][  0]LogMemory: Virtual Memory: 4640.71 MB used,  9409.38 MB free, 134217728.00 MB total
[2019.01.16-20.23.58:335][  0]LogInit: Using OS detected language (en-US).
[2019.01.16-20.23.58:335][  0]LogInit: Using OS detected locale (en-US).
[2019.01.16-20.23.58:335][  0]LogTextLocalizationManager: No specific localization for 'en-US' exists, so the 'en' localization will be used.
[2019.01.16-20.23.58:665][  0]LogStreaming: Display: Took  0.330s to InitEngineTextLocalization.
[2019.01.16-20.23.58:665][  0]LogInit: Setting process to per monitor DPI aware
[2019.01.16-20.23.58:707][  0]LogSlate: New Slate User Created.  User Index 0, Is Virtual User: 0
[2019.01.16-20.23.58:707][  0]LogSlate: Slate User Registered.  User Index 0, Is Virtual User: 0
[2019.01.16-20.23.58:874][  0]LogHMD: Failed to initialize OpenVR with code 110
[2019.01.16-20.23.58:874][  0]LogD3D11RHI: D3D11 adapters:
[2019.01.16-20.23.58:904][  0]LogD3D11RHI:    0. 'Radeon RX Vega M GH Graphics' (Feature Level 11_0)
[2019.01.16-20.23.58:904][  0]LogD3D11RHI:       4042/0/8151 MB DedicatedVideo/DedicatedSystem/SharedSystem, Outputs:2, VendorId:0x1002
[2019.01.16-20.23.58:914][  0]LogD3D11RHI:    1. 'Intel(R) HD Graphics 630' (Feature Level 11_0)
[2019.01.16-20.23.58:914][  0]LogD3D11RHI:       128/0/8151 MB DedicatedVideo/DedicatedSystem/SharedSystem, Outputs:0, VendorId:0x8086
[2019.01.16-20.23.58:916][  0]LogD3D11RHI:    2. 'Microsoft Basic Render Driver' (Feature Level 11_0)
[2019.01.16-20.23.58:916][  0]LogD3D11RHI:       0/0/8151 MB DedicatedVideo/DedicatedSystem/SharedSystem, Outputs:0, VendorId:0x1414
[2019.01.16-20.23.58:916][  0]LogD3D11RHI: Chosen D3D11 Adapter: 0
[2019.01.16-20.23.58:924][  0]LogD3D11RHI: Creating new Direct3DDevice
[2019.01.16-20.23.58:924][  0]LogD3D11RHI:     GPU DeviceId: 0x694c (for the marketing name, search the web for "GPU Device Id")
[2019.01.16-20.23.58:924][  0]LogWindows: EnumDisplayDevices:
[2019.01.16-20.23.58:924][  0]LogWindows:    0. 'Radeon RX Vega M GH Graphics' (P:1 D:1)
[2019.01.16-20.23.58:924][  0]LogWindows:    1. 'Radeon RX Vega M GH Graphics' (P:0 D:1)
[2019.01.16-20.23.58:924][  0]LogWindows:    2. 'Radeon RX Vega M GH Graphics' (P:0 D:0)
[2019.01.16-20.23.58:924][  0]LogWindows:    3. 'Radeon RX Vega M GH Graphics' (P:0 D:0)
[2019.01.16-20.23.58:925][  0]LogWindows:    4. 'Radeon RX Vega M GH Graphics' (P:0 D:0)
[2019.01.16-20.23.58:925][  0]LogWindows:    5. 'Radeon RX Vega M GH Graphics' (P:0 D:0)
[2019.01.16-20.23.58:925][  0]LogWindows:    6. 'Radeon RX Vega M GH Graphics' (P:0 D:0)
[2019.01.16-20.23.58:925][  0]LogWindows:    7. 'Intel(R) HD Graphics 630' (P:0 D:0)
[2019.01.16-20.23.58:926][  0]LogWindows:    8. 'Intel(R) HD Graphics 630' (P:0 D:0)
[2019.01.16-20.23.58:926][  0]LogWindows: DebugString: PrimaryIsNotTheChoosenAdapter PrimaryIsNotTheChoosenAdapter FoundDriverCount:7 
[2019.01.16-20.23.58:926][  0]LogD3D11RHI:     Adapter Name: Radeon RX Vega M GH Graphics
[2019.01.16-20.23.58:926][  0]LogD3D11RHI:   Driver Version: Adrenalin 18.9.1 (internal:24.20.11026.2001, unified:24.20.11026.2001)
[2019.01.16-20.23.58:926][  0]LogD3D11RHI:      Driver Date: 8-30-2018
[2019.01.16-20.23.58:926][  0]LogRHI: Texture pool is 2829 MB (70% of 4042 MB)
[2019.01.16-20.23.59:001][  0]LogD3D11RHI: Async texture creation enabled
[2019.01.16-20.23.59:012][  0]LogD3D11RHI: GPU Timing Frequency: 25.000000 (Debug: 2 1)
[2019.01.16-20.23.59:015][  0]LogShaderCompilers: Guid format shader working directory is -29 characters bigger than the processId version (../../../../../../Users/u0911848/Documents/GitHub/KY_AssetPipeline/KY_WhiteBox/Intermediate/Shaders/WorkingDirectory/9568/).
[2019.01.16-20.23.59:015][  0]LogShaderCompilers: Cleaned the shader compiler working directory 'C:/Users/u0911848/AppData/Local/Temp/UnrealShaderWorkingDir/7CD1ACAD433AD297E95BC5867A72726E/'.
[2019.01.16-20.23.59:249][  0]LogTemp: Display: Loaded TP AllDesktopTargetPlatform
[2019.01.16-20.23.59:261][  0]LogTemp: Display: Loaded TP MacClientTargetPlatform
[2019.01.16-20.23.59:271][  0]LogTemp: Display: Loaded TP MacNoEditorTargetPlatform
[2019.01.16-20.23.59:283][  0]LogTemp: Display: Loaded TP MacServerTargetPlatform
[2019.01.16-20.23.59:294][  0]LogTemp: Display: Loaded TP MacTargetPlatform
[2019.01.16-20.23.59:306][  0]LogTemp: Display: Loaded TP WindowsClientTargetPlatform
[2019.01.16-20.23.59:318][  0]LogTemp: Display: Loaded TP WindowsNoEditorTargetPlatform
[2019.01.16-20.23.59:330][  0]LogTemp: Display: Loaded TP WindowsServerTargetPlatform
[2019.01.16-20.23.59:335][  0]LogTemp: Display: Loaded TP WindowsTargetPlatform
[2019.01.16-20.23.59:400][  0]LogTemp: Display: Loaded TP AndroidTargetPlatform
[2019.01.16-20.23.59:400][  0]LogTemp: Display: Loaded TP AndroidTargetPlatform
[2019.01.16-20.23.59:400][  0]LogTemp: Display: Loaded TP AndroidTargetPlatform
[2019.01.16-20.23.59:400][  0]LogTemp: Display: Loaded TP AndroidTargetPlatform
[2019.01.16-20.23.59:400][  0]LogTemp: Display: Loaded TP AndroidTargetPlatform
[2019.01.16-20.23.59:400][  0]LogTemp: Display: Loaded TP AndroidTargetPlatform
[2019.01.16-20.23.59:400][  0]LogTemp: Display: Loaded TP AndroidTargetPlatform
[2019.01.16-20.23.59:400][  0]LogTemp: Display: Loaded TP AndroidTargetPlatform
[2019.01.16-20.23.59:400][  0]LogTemp: Display: Loaded TP AndroidTargetPlatform
[2019.01.16-20.23.59:400][  0]LogTemp: Display: Loaded TP AndroidTargetPlatform
[2019.01.16-20.23.59:400][  0]LogTemp: Display: Loaded TP AndroidTargetPlatform
[2019.01.16-20.23.59:400][  0]LogTemp: Display: Loaded TP AndroidTargetPlatform
[2019.01.16-20.23.59:400][  0]LogTemp: Display: Loaded TP AndroidTargetPlatform
[2019.01.16-20.23.59:400][  0]LogTemp: Display: Loaded TP AndroidTargetPlatform
[2019.01.16-20.23.59:400][  0]LogTemp: Display: Loaded TP AndroidTargetPlatform
[2019.01.16-20.23.59:400][  0]LogTemp: Display: Loaded TP AndroidTargetPlatform
[2019.01.16-20.23.59:400][  0]LogTemp: Display: Loaded TP AndroidTargetPlatform
[2019.01.16-20.23.59:400][  0]LogTemp: Display: Loaded TP AndroidTargetPlatform
[2019.01.16-20.23.59:401][  0]LogTemp: Display: Loaded TP HTML5TargetPlatform
[2019.01.16-20.23.59:461][  0]LogTemp: Display: Loaded TP IOSTargetPlatform
[2019.01.16-20.23.59:461][  0]LogTemp: Display: Loaded TP IOSTargetPlatform
[2019.01.16-20.23.59:481][  0]LogTemp: Display: Loaded TP TVOSTargetPlatform
[2019.01.16-20.23.59:481][  0]LogTemp: Display: Loaded TP TVOSTargetPlatform
[2019.01.16-20.23.59:491][  0]LogTemp: Display: Loaded TP LinuxClientTargetPlatform
[2019.01.16-20.23.59:501][  0]LogTemp: Display: Loaded TP LinuxNoEditorTargetPlatform
[2019.01.16-20.23.59:512][  0]LogTemp: Display: Loaded TP LinuxServerTargetPlatform
[2019.01.16-20.23.59:523][  0]LogTemp: Display: Loaded TP LinuxTargetPlatform
[2019.01.16-20.23.59:535][  0]LogTemp: Display: Loaded TP LuminTargetPlatform
[2019.01.16-20.23.59:535][  0]LogTargetPlatformManager: Display: Building Assets For Windows
[2019.01.16-20.23.59:592][  0]LogXGEController: Cannot use XGE Controller as Incredibuild is not installed on this machine.
[2019.01.16-20.23.59:592][  0]LogShaderCompilers: Cannot use XGE Shader Compiler as Incredibuild is not installed on this machine.
[2019.01.16-20.23.59:592][  0]LogShaderCompilers: Display: Using Local Shader Compiler.
[2019.01.16-20.24.00:237][  0]LogDerivedDataCache: Display: Max Cache Size: 512 MB
[2019.01.16-20.24.00:292][  0]LogDerivedDataCache: Loaded boot cache 0.05s 71MB C:/Users/u0911848/AppData/Local/UnrealEngine/4.20/DerivedDataCache/Boot.ddc.
[2019.01.16-20.24.00:293][  0]LogDerivedDataCache: Display: Loaded Boot cache: C:/Users/u0911848/AppData/Local/UnrealEngine/4.20/DerivedDataCache/Boot.ddc
[2019.01.16-20.24.00:293][  0]LogDerivedDataCache: FDerivedDataBackendGraph:  Pak pak cache file ../../../../../../Users/u0911848/Documents/GitHub/KY_AssetPipeline/KY_WhiteBox/DerivedDataCache/DDC.ddp not found, will not use a pak cache.
[2019.01.16-20.24.00:293][  0]LogDerivedDataCache: Unable to find inner node Pak for hierarchical cache Hierarchy.
[2019.01.16-20.24.00:293][  0]LogDerivedDataCache: FDerivedDataBackendGraph:  CompressedPak pak cache file ../../../../../../Users/u0911848/Documents/GitHub/KY_AssetPipeline/KY_WhiteBox/DerivedDataCache/Compressed.ddp not found, will not use a pak cache.
[2019.01.16-20.24.00:293][  0]LogDerivedDataCache: Unable to find inner node CompressedPak for hierarchical cache Hierarchy.
[2019.01.16-20.24.00:304][  0]LogDerivedDataCache: Display: Pak cache opened for reading ../../../Engine/DerivedDataCache/Compressed.ddp.
[2019.01.16-20.24.00:317][  0]LogDerivedDataCache: Using Local data cache path C:/Users/u0911848/AppData/Local/UnrealEngine/Common/DerivedDataCache: Writable
[2019.01.16-20.24.00:317][  0]LogDerivedDataCache: Shared data cache path not found in *engine.ini, will not use an Shared cache.
[2019.01.16-20.24.00:317][  0]LogDerivedDataCache: Unable to find inner node Shared for hierarchical cache Hierarchy.
[2019.01.16-20.24.00:332][  0]LogMaterial: Verifying Global Shaders for PCD3D_SM5
[2019.01.16-20.24.00:334][  0]LogSlate: Using FreeType 2.6.0
[2019.01.16-20.24.00:334][  0]LogSlate: SlateFontServices - WITH_FREETYPE: 1, WITH_HARFBUZZ: 1
[2019.01.16-20.24.00:399][  0]LogAssetRegistry: FAssetRegistry took 0.0254 seconds to start up
[2019.01.16-20.24.00:678][  0]LogInit: Selected Device Profile: [Windows]
[2019.01.16-20.24.00:792][  0]LogSimplygon: Simplygon DLL not present - disabling.
[2019.01.16-20.24.00:796][  0]LogMeshReduction: Using SimplygonSwarm for distributed automatic mesh merging
[2019.01.16-20.24.00:796][  0]LogMeshReduction: Using ProxyLODMeshReduction for automatic mesh merging
[2019.01.16-20.24.00:796][  0]LogMeshReduction: Using QuadricMeshReduction for automatic static mesh reduction
[2019.01.16-20.24.00:796][  0]LogMeshReduction: No automatic skeletal mesh reduction module available
[2019.01.16-20.24.00:812][  0]LogNetVersion: KY_WhiteBox 1.0.0, NetCL: 4212847, EngineNetVer: 5, GameNetVer: 0 (Checksum: 1193354019)
[2019.01.16-20.24.01:284][  0]LogPackageLocalizationCache: Processed 11 localized package path(s) for 2 prioritized culture(s) in 0.103220 seconds
[2019.01.16-20.24.01:289][  0]LogUObjectArray: 38425 objects as part of root set at end of initial load.
[2019.01.16-20.24.01:289][  0]LogUObjectAllocator: 6690864 out of 0 bytes used by permanent object pool.
[2019.01.16-20.24.01:289][  0]LogUObjectArray: CloseDisregardForGC: 0/0 objects in disregard for GC pool
[2019.01.16-20.24.02:031][  0]LogTcpMessaging: Initializing TcpMessaging bridge
[2019.01.16-20.24.02:044][  0]LogUdpMessaging: Initializing bridge on interface 0.0.0.0:0 to multicast group 230.0.0.1:6666.
[2019.01.16-20.24.02:174][  0]SourceControl: Source control is disabled
[2019.01.16-20.24.02:174][  0]SourceControl: Source control is disabled
[2019.01.16-20.24.02:175][  0]SourceControl: Source control is disabled
[2019.01.16-20.24.02:176][  0]SourceControl: Source control is disabled
[2019.01.16-20.24.02:328][  0]LogAndroidPermission: UAndroidPermissionCallbackProxy::GetInstance
[2019.01.16-20.24.02:412][  0]LogOcInput: OculusInput pre-init called
[2019.01.16-20.24.02:465][  0]LogEngine: Initializing Engine...
[2019.01.16-20.24.02:466][  0]LogHMD: Failed to initialize OpenVR with code 110
[2019.01.16-20.24.02:467][  0]LogStats: UGameplayTagsManager::ConstructGameplayTagTree: ImportINI prefixes -  0.000 s
[2019.01.16-20.24.02:467][  0]LogStats: UGameplayTagsManager::ConstructGameplayTagTree: Construct from data asset -  0.000 s
[2019.01.16-20.24.02:467][  0]LogStats: UGameplayTagsManager::ConstructGameplayTagTree: ImportINI -  0.000 s
[2019.01.16-20.24.02:467][  0]LogStats: UGameplayTagsManager::ConstructGameplayTagTree: GameplayTagTreeChangedEvent.Broadcast -  0.000 s
[2019.01.16-20.24.02:653][  0]LogInit: Initializing FReadOnlyCVARCache
[2019.01.16-20.24.02:669][  0]LogAIModule: Creating AISystem for world Untitled
[2019.01.16-20.24.02:698][  0]LogInit: XAudio2 using '4 - CintiqPro24P (AMD High Definition Audio Device)' : 2 channels at 48 kHz using 16 bits per sample (channel mask 0x3)
[2019.01.16-20.24.02:723][  0]LogInit: FAudioDevice initialized.
[2019.01.16-20.24.02:723][  0]LogNetVersion: Set ProjectVersion to 1.0.0.0. Version Checksum will be recalculated on next use.
[2019.01.16-20.24.02:803][  0]LogDerivedDataCache: Saved boot cache 0.08s 71MB C:/Users/u0911848/AppData/Local/UnrealEngine/4.20/DerivedDataCache/Boot.ddc.
[2019.01.16-20.24.02:819][  0]LogInit: Texture streaming: Enabled
[2019.01.16-20.24.02:834][  0]LogEngineSessionManager: EngineSessionManager initialized
[2019.01.16-20.24.02:848][  0]LogInit: Transaction tracking system initialized
[2019.01.16-20.24.02:869][  0]BlueprintLog: New page: Editor Load
[2019.01.16-20.24.02:945][  0]LocalizationService: Localization service is disabled
[2019.01.16-20.24.03:181][  0]LogCook: Display: Max memory allowance for cook 16384mb min free memory 0mb
[2019.01.16-20.24.03:181][  0]LogCook: Display: Mobile HDR setting 1
[2019.01.16-20.24.03:181][  0]LogGameplayTags: Display: UGameplayTagsManager::DoneAddingNativeTags. DelegateIsBound: 0
[2019.01.16-20.24.03:181][  0]LogStats: UGameplayTagsManager::ConstructGameplayTagTree: ImportINI prefixes -  0.000 s
[2019.01.16-20.24.03:181][  0]LogStats: UGameplayTagsManager::ConstructGameplayTagTree: Construct from data asset -  0.000 s
[2019.01.16-20.24.03:181][  0]LogFileCache: Scanning file cache for directory 'C:/Users/u0911848/Documents/GitHub/KY_AssetPipeline/KY_WhiteBox/Content/' took 0.02s
[2019.01.16-20.24.03:181][  0]LogStats: UGameplayTagsManager::ConstructGameplayTagTree: ImportINI -  0.000 s
[2019.01.16-20.24.03:181][  0]LogStats: UGameplayTagsManager::ConstructGameplayTagTree: GameplayTagTreeChangedEvent.Broadcast -  0.000 s
[2019.01.16-20.24.03:295][  0]SourceControl: Source control is disabled
[2019.01.16-20.24.03:295][  0]Cmd: MAP LOAD FILE="../../../Engine/Content/Maps/Templates/Template_Default.umap" TEMPLATE=1 SHOWPROGRESS=1 FEATURELEVEL=3
[2019.01.16-20.24.03:296][  0]LightingResults: New page: Lighting Build
[2019.01.16-20.24.03:299][  0]MapCheck: New page: Map Check
[2019.01.16-20.24.03:299][  0]LightingResults: New page: Lighting Build
[2019.01.16-20.24.03:474][  0]LogAIModule: Creating AISystem for world Untitled_1
[2019.01.16-20.24.03:481][  0]LogEditorServer: Finished looking for orphan Actors (0.000 secs)
[2019.01.16-20.24.03:501][  0]Cmd: MAP CHECKDEP NOCLEARLOG
[2019.01.16-20.24.03:558][  0]MapCheck: Map check complete: 0 Error(s), 0 Warning(s), took 57.455ms to complete.
[2019.01.16-20.24.03:558][  0]LogFileHelpers: Loading map 'Template_Default' took 0.263
[2019.01.16-20.24.03:671][  0]LogSlate: Updating window title bar state: overlay mode, drag disabled, window buttons hidden, title bar hidden
[2019.01.16-20.24.03:678][  0]LogSlate: Updating window title bar state: overlay mode, drag disabled, window buttons hidden, title bar hidden
[2019.01.16-20.24.03:684][  0]LogSlate: Updating window title bar state: overlay mode, drag disabled, window buttons hidden, title bar hidden
[2019.01.16-20.24.03:689][  0]LogSlate: Updating window title bar state: overlay mode, drag disabled, window buttons hidden, title bar hidden
[2019.01.16-20.24.03:700][  0]LogCollectionManager: Loaded 0 collections in 0.001908 seconds
[2019.01.16-20.24.03:745][  0]LogFileCache: Scanning file cache for directory 'C:/Users/u0911848/Documents/GitHub/KY_AssetPipeline/KY_WhiteBox/Saved/Collections/' took 0.01s
[2019.01.16-20.24.03:745][  0]LogFileCache: Scanning file cache for directory 'C:/Users/u0911848/Documents/GitHub/KY_AssetPipeline/KY_WhiteBox/Content/Developers/u0911848/Collections/' took 0.01s
[2019.01.16-20.24.03:745][  0]LogFileCache: Scanning file cache for directory 'C:/Users/u0911848/Documents/GitHub/KY_AssetPipeline/KY_WhiteBox/Content/Collections/' took 0.01s
[2019.01.16-20.24.03:745][  0]LogCollectionManager: Rebuilt the GUID cache for 0 collections in 0.000000 seconds
[2019.01.16-20.24.03:753][  0]LogContentBrowser: Native class hierarchy populated in 0.0079 seconds. Added 2572 classes and 603 folders.
[2019.01.16-20.24.03:759][  0]LogContentBrowser: Native class hierarchy updated for 'WidgetCarousel' in 0.0002 seconds. Added 0 classes and 0 folders.
[2019.01.16-20.24.04:089][  0]LogContentBrowser: Native class hierarchy updated for 'AddContentDialog' in 0.0002 seconds. Added 0 classes and 0 folders.
[2019.01.16-20.24.04:094][  0]LogContentBrowser: Native class hierarchy updated for 'SceneOutliner' in 0.0002 seconds. Added 1 classes and 2 folders.
[2019.01.16-20.24.04:109][  0]LogSlate: Took 0.000184 seconds to synchronously load lazily loaded font '../../../Engine/Content/Slate/Fonts/Roboto-Regular.ttf' (155K)
[2019.01.16-20.24.04:111][  0]LogSlate: Took 0.000303 seconds to synchronously load lazily loaded font '../../../Engine/Content/Slate/Fonts/Roboto-Bold.ttf' (160K)
[2019.01.16-20.24.04:121][  0]LogSlate: Took 0.004484 seconds to synchronously load lazily loaded font '../../../Engine/Content/Editor/Slate/Fonts/FontAwesome.ttf' (139K)
[2019.01.16-20.24.04:246][  0]LogRenderer: Reallocating scene render targets to support 1208x576 Format 10 NumSamples 1 (Frame:1).
[2019.01.16-20.24.04:403][  0]LogContentBrowser: Native class hierarchy updated for 'HierarchicalLODOutliner' in 0.0003 seconds. Added 0 classes and 0 folders.
[2019.01.16-20.24.04:403][  0]LogLoad: (Engine Initialization) Total time: 7.97 seconds
[2019.01.16-20.24.04:403][  0]LogLoad: (Engine Initialization) Total Blueprint compile time: 0.00 seconds
[2019.01.16-20.24.04:413][  0]LogWindowsTextInputMethodSystem: Display: IME system now deactivated.
[2019.01.16-20.24.04:430][  0]LogAssetRegistry: Asset discovery search completed in 4.0536 seconds
[2019.01.16-20.24.04:432][  0]LogCollectionManager: Rebuilt the object cache for 0 collections in 0.000000 seconds (found 0 objects)
[2019.01.16-20.24.04:432][  0]LogCollectionManager: Fixed up redirectors for 0 collections in 0.000038 seconds (updated 0 objects)
[2019.01.16-20.24.04:433][  0]LogContentStreaming: Texture pool size now 1000 MB
[2019.01.16-20.24.06:940][240]LogSlate: FSceneViewport::OnFocusLost() reason 0
[2019.01.16-20.24.07:307][262]LogSlate: Took 0.176836 seconds to synchronously load lazily loaded font '../../../Engine/Content/Slate/Fonts/Roboto-Light.ttf' (167K)
[2019.01.16-20.24.07:542][262]LogAIModule: Creating AISystem for world KY_WBStreet
[2019.01.16-20.24.07:580][262]LogAssetEditorManager: Opening Asset editor for World /Game/KY_WBStreet.KY_WBStreet
[2019.01.16-20.24.07:599][262]Cmd: MAP LOAD FILE="../../../../../../Users/u0911848/Documents/GitHub/KY_AssetPipeline/KY_WhiteBox/Content/KY_WBStreet.umap" TEMPLATE=0 SHOWPROGRESS=1 FEATURELEVEL=3
[2019.01.16-20.24.07:599][262]LightingResults: New page: Lighting Build
[2019.01.16-20.24.07:599][262]LoadErrors: New page: Loading map: KY_WBStreet.umap
[2019.01.16-20.24.07:600][262]MapCheck: New page: Map Check
[2019.01.16-20.24.07:600][262]LightingResults: New page: Lighting Build
[2019.01.16-20.24.07:628][262]LogEditorServer: Finished looking for orphan Actors (0.000 secs)
[2019.01.16-20.24.07:673][262]Cmd: MAP CHECKDEP NOCLEARLOG
[2019.01.16-20.24.07:734][262]MapCheck: Map check complete: 0 Error(s), 0 Warning(s), took 60.689ms to complete.
[2019.01.16-20.24.07:734][262]LogFileHelpers: Loading map 'KY_WBStreet' took 0.136
[2019.01.16-20.25.25:266][ 35]LogEditorViewport: Clicking Background
[2019.01.16-20.25.27:730][325]Cmd: TRANSACTION UNDO
[2019.01.16-20.25.27:730][325]LogEditorTransaction: Undo Apply Material to Selected Surfaces
[2019.01.16-20.25.29:866][571]Cmd: TRANSACTION UNDO
[2019.01.16-20.25.29:866][571]LogEditorTransaction: Undo Clicking Background
[2019.01.16-20.25.30:714][656]Cmd: TRANSACTION UNDO
[2019.01.16-20.25.30:714][656]LogEditorTransaction: Undo Apply Material to Selected Surfaces
[2019.01.16-20.25.31:661][754]LogEditorViewport: Clicking on Actor (LMB): BP_Sky_Sphere_C (Sky Sphere)
[2019.01.16-20.25.37:240][375]Cmd: TRANSACTION UNDO
[2019.01.16-20.25.37:240][375]LogEditorTransaction: Undo Apply Material to Selected Surfaces
[2019.01.16-20.26.01:067][ 79]Cmd: TRANSACTION UNDO
[2019.01.16-20.26.01:067][ 79]LogEditorTransaction: Undo Move Actors
[2019.01.16-20.26.01:142][ 79]LogActorComponent: ~FComponentReregisterContext: (/Game/KY_WBStreet.KY_WBStreet:PersistentLevel.Brush_ST_41.BrushComponent0) Component already registered.
[2019.01.16-20.26.01:143][ 79]LogActorComponent: ~FComponentReregisterContext: (/Game/KY_WBStreet.KY_WBStreet:PersistentLevel.Brush_ST_106.BrushComponent0) Component already registered.
[2019.01.16-20.26.01:143][ 79]LogActorComponent: ~FComponentReregisterContext: (/Game/KY_WBStreet.KY_WBStreet:PersistentLevel.BoxBrush8.BrushComponent0) Component already registered.
[2019.01.16-20.26.01:143][ 79]LogActorComponent: ~FComponentReregisterContext: (/Game/KY_WBStreet.KY_WBStreet:PersistentLevel.BoxBrush4.BrushComponent0) Component already registered.
[2019.01.16-20.26.01:143][ 79]LogActorComponent: ~FComponentReregisterContext: (/Game/KY_WBStreet.KY_WBStreet:PersistentLevel.BoxBrush5.BrushComponent0) Component already registered.
[2019.01.16-20.26.01:144][ 79]LogActorComponent: ~FComponentReregisterContext: (/Game/KY_WBStreet.KY_WBStreet:PersistentLevel.BoxBrush11.BrushComponent0) Component already registered.
[2019.01.16-20.26.01:144][ 79]LogActorComponent: ~FComponentReregisterContext: (/Game/KY_WBStreet.KY_WBStreet:PersistentLevel.BoxBrush12.BrushComponent0) Component already registered.
[2019.01.16-20.26.01:144][ 79]LogActorComponent: ~FComponentReregisterContext: (/Game/KY_WBStreet.KY_WBStreet:PersistentLevel.BoxBrush25.BrushComponent0) Component already registered.
[2019.01.16-20.26.01:144][ 79]LogActorComponent: ~FComponentReregisterContext: (/Game/KY_WBStreet.KY_WBStreet:PersistentLevel.BoxBrush26.BrushComponent0) Component already registered.
[2019.01.16-20.26.01:145][ 79]LogActorComponent: ~FComponentReregisterContext: (/Game/KY_WBStreet.KY_WBStreet:PersistentLevel.Brush_ST_60.BrushComponent0) Component already registered.
[2019.01.16-20.26.01:145][ 79]LogActorComponent: ~FComponentReregisterContext: (/Game/KY_WBStreet.KY_WBStreet:PersistentLevel.Brush_ST_68.BrushComponent0) Component already registered.
[2019.01.16-20.26.01:146][ 79]LogActorComponent: ~FComponentReregisterContext: (/Game/KY_WBStreet.KY_WBStreet:PersistentLevel.BoxBrush23.BrushComponent0) Component already registered.
[2019.01.16-20.26.01:146][ 79]LogActorComponent: ~FComponentReregisterContext: (/Game/KY_WBStreet.KY_WBStreet:PersistentLevel.BoxBrush24.BrushComponent0) Component already registered.
[2019.01.16-20.26.01:146][ 79]LogActorComponent: ~FComponentReregisterContext: (/Game/KY_WBStreet.KY_WBStreet:PersistentLevel.Brush_ST_55.BrushComponent0) Component already registered.
[2019.01.16-20.26.01:146][ 79]LogActorComponent: ~FComponentReregisterContext: (/Game/KY_WBStreet.KY_WBStreet:PersistentLevel.Brush_ST_10.BrushComponent0) Component already registered.
[2019.01.16-20.26.01:146][ 79]LogActorComponent: ~FComponentReregisterContext: (/Game/KY_WBStreet.KY_WBStreet:PersistentLevel.Brush_ST_11.BrushComponent0) Component already registered.
[2019.01.16-20.26.01:147][ 79]LogActorComponent: ~FComponentReregisterContext: (/Game/KY_WBStreet.KY_WBStreet:PersistentLevel.Brush_ST_7.BrushComponent0) Component already registered.
[2019.01.16-20.26.01:147][ 79]LogActorComponent: ~FComponentReregisterContext: (/Game/KY_WBStreet.KY_WBStreet:PersistentLevel.Brush_ST_19.BrushComponent0) Component already registered.
[2019.01.16-20.26.01:150][ 79]LogActorComponent: ~FComponentReregisterContext: (/Game/KY_WBStreet.KY_WBStreet:PersistentLevel.Brush_ST_94.BrushComponent0) Component already registered.
[2019.01.16-20.26.01:150][ 79]LogActorComponent: ~FComponentReregisterContext: (/Game/KY_WBStreet.KY_WBStreet:PersistentLevel.Brush_ST_3.BrushComponent0) Component already registered.
[2019.01.16-20.26.01:150][ 79]LogActorComponent: ~FComponentReregisterContext: (/Game/KY_WBStreet.KY_WBStreet:PersistentLevel.Brush_ST_4.BrushComponent0) Component already registered.
[2019.01.16-20.26.01:151][ 79]LogActorComponent: ~FComponentReregisterContext: (/Game/KY_WBStreet.KY_WBStreet:PersistentLevel.Brush_ST_35.BrushComponent0) Component already registered.
[2019.01.16-20.26.01:151][ 79]LogActorComponent: ~FComponentReregisterContext: (/Game/KY_WBStreet.KY_WBStreet:PersistentLevel.BoxBrush.BrushComponent0) Component already registered.
[2019.01.16-20.26.01:151][ 79]LogActorComponent: ~FComponentReregisterContext: (/Game/KY_WBStreet.KY_WBStreet:PersistentLevel.Sidewalk_1.BrushComponent0) Component already registered.
[2019.01.16-20.26.01:151][ 79]LogActorComponent: ~FComponentReregisterContext: (/Game/KY_WBStreet.KY_WBStreet:PersistentLevel.Sidewalk_2.BrushComponent0) Component already registered.
[2019.01.16-20.26.01:151][ 79]LogActorComponent: ~FComponentReregisterContext: (/Game/KY_WBStreet.KY_WBStreet:PersistentLevel.Brush_ST_28.BrushComponent0) Component already registered.
[2019.01.16-20.26.01:152][ 79]LogActorComponent: ~FComponentReregisterContext: (/Game/KY_WBStreet.KY_WBStreet:PersistentLevel.Brush_ST_129.BrushComponent0) Component already registered.
[2019.01.16-20.26.01:153][ 79]LogActorComponent: ~FComponentReregisterContext: (/Game/KY_WBStreet.KY_WBStreet:PersistentLevel.BoxBrush48.BrushComponent0) Component already registered.
[2019.01.16-20.26.01:153][ 79]LogActorComponent: ~FComponentReregisterContext: (/Game/KY_WBStreet.KY_WBStreet:PersistentLevel.Brush_ST_118.BrushComponent0) Component already registered.
[2019.01.16-20.26.01:153][ 79]LogActorComponent: ~FComponentReregisterContext: (/Game/KY_WBStreet.KY_WBStreet:PersistentLevel.Brush_ST_116.BrushComponent0) Component already registered.
[2019.01.16-20.26.01:153][ 79]LogActorComponent: ~FComponentReregisterContext: (/Game/KY_WBStreet.KY_WBStreet:PersistentLevel.Brush_ST_124.BrushComponent0) Component already registered.
[2019.01.16-20.26.01:154][ 79]LogActorComponent: ~FComponentReregisterContext: (/Game/KY_WBStreet.KY_WBStreet:PersistentLevel.BoxBrush59.BrushComponent0) Component already registered.
[2019.01.16-20.26.01:154][ 79]LogActorComponent: ~FComponentReregisterContext: (/Game/KY_WBStreet.KY_WBStreet:PersistentLevel.Brush_ST_150.BrushComponent0) Component already registered.
[2019.01.16-20.26.01:154][ 79]LogActorComponent: ~FComponentReregisterContext: (/Game/KY_WBStreet.KY_WBStreet:PersistentLevel.BoxBrush61.BrushComponent0) Component already registered.
[2019.01.16-20.26.01:154][ 79]LogActorComponent: ~FComponentReregisterContext: (/Game/KY_WBStreet.KY_WBStreet:PersistentLevel.Brush_ST_275.BrushComponent0) Component already registered.
[2019.01.16-20.26.01:155][ 79]LogActorComponent: ~FComponentReregisterContext: (/Game/KY_WBStreet.KY_WBStreet:PersistentLevel.Brush_ST_273.BrushComponent0) Component already registered.
[2019.01.16-20.26.01:155][ 79]LogActorComponent: ~FComponentReregisterContext: (/Game/KY_WBStreet.KY_WBStreet:PersistentLevel.Brush_ST_278.BrushComponent0) Component already registered.
[2019.01.16-20.26.01:155][ 79]LogActorComponent: ~FComponentReregisterContext: (/Game/KY_WBStreet.KY_WBStreet:PersistentLevel.Brush_ST_141.BrushComponent0) Component already registered.
[2019.01.16-20.26.01:155][ 79]LogActorComponent: ~FComponentReregisterContext: (/Game/KY_WBStreet.KY_WBStreet:PersistentLevel.Brush_ST_142.BrushComponent0) Component already registered.
[2019.01.16-20.26.01:155][ 79]LogActorComponent: ~FComponentReregisterContext: (/Game/KY_WBStreet.KY_WBStreet:PersistentLevel.BoxBrush34.BrushComponent0) Component already registered.
[2019.01.16-20.26.01:155][ 79]LogActorComponent: ~FComponentReregisterContext: (/Game/KY_WBStreet.KY_WBStreet:PersistentLevel.Brush_ST_80.BrushComponent0) Component already registered.
[2019.01.16-20.26.01:156][ 79]LogActorComponent: ~FComponentReregisterContext: (/Game/KY_WBStreet.KY_WBStreet:PersistentLevel.Brush_ST_171.BrushComponent0) Component already registered.
[2019.01.16-20.26.01:156][ 79]LogActorComponent: ~FComponentReregisterContext: (/Game/KY_WBStreet.KY_WBStreet:PersistentLevel.Brush_ST_85.BrushComponent0) Component already registered.
[2019.01.16-20.26.01:156][ 79]LogActorComponent: ~FComponentReregisterContext: (/Game/KY_WBStreet.KY_WBStreet:PersistentLevel.Brush_ST_86.BrushComponent0) Component already registered.
[2019.01.16-20.26.01:156][ 79]LogActorComponent: ~FComponentReregisterContext: (/Game/KY_WBStreet.KY_WBStreet:PersistentLevel.BoxBrush30.BrushComponent0) Component already registered.
[2019.01.16-20.26.01:157][ 79]LogActorComponent: ~FComponentReregisterContext: (/Game/KY_WBStreet.KY_WBStreet:PersistentLevel.BoxBrush32.BrushComponent0) Component already registered.
[2019.01.16-20.26.01:157][ 79]LogActorComponent: ~FComponentReregisterContext: (/Game/KY_WBStreet.KY_WBStreet:PersistentLevel.Brush_ST_75.BrushComponent0) Component already registered.
[2019.01.16-20.26.01:157][ 79]LogActorComponent: ~FComponentReregisterContext: (/Game/KY_WBStreet.KY_WBStreet:PersistentLevel.Brush_ST_89.BrushComponent0) Component already registered.
[2019.01.16-20.26.01:157][ 79]LogActorComponent: ~FComponentReregisterContext: (/Game/KY_WBStreet.KY_WBStreet:PersistentLevel.Brush_ST_76.BrushComponent0) Component already registered.
[2019.01.16-20.26.01:157][ 79]LogActorComponent: ~FComponentReregisterContext: (/Game/KY_WBStreet.KY_WBStreet:PersistentLevel.BoxBrush46.BrushComponent0) Component already registered.
[2019.01.16-20.26.01:158][ 79]LogActorComponent: ~FComponentReregisterContext: (/Game/KY_WBStreet.KY_WBStreet:PersistentLevel.Brush_ST_113.BrushComponent0) Component already registered.
[2019.01.16-20.26.01:158][ 79]LogActorComponent: ~FComponentReregisterContext: (/Game/KY_WBStreet.KY_WBStreet:PersistentLevel.Brush_ST_111.BrushComponent0) Component already registered.
[2019.01.16-20.26.01:158][ 79]LogActorComponent: ~FComponentReregisterContext: (/Game/KY_WBStreet.KY_WBStreet:PersistentLevel.Brush_ST_92.BrushComponent0) Component already registered.
[2019.01.16-20.26.01:158][ 79]LogActorComponent: ~FComponentReregisterContext: (/Game/KY_WBStreet.KY_WBStreet:PersistentLevel.Brush_ST_99.BrushComponent0) Component already registered.
[2019.01.16-20.28.09:366][543]Cmd: TRANSACTION UNDO
[2019.01.16-20.28.09:366][543]LogEditorTransaction: Undo Move Actors
[2019.01.16-20.28.09:496][543]LogActorComponent: ~FComponentReregisterContext: (/Game/KY_WBStreet.KY_WBStreet:PersistentLevel.Brush_ST_86.BrushComponent0) Component already registered.
[2019.01.16-20.28.09:497][543]LogActorComponent: ~FComponentReregisterContext: (/Game/KY_WBStreet.KY_WBStreet:PersistentLevel.Brush_ST_88.BrushComponent0) Component already registered.
[2019.01.16-20.28.09:500][543]LogActorComponent: ~FComponentReregisterContext: (/Game/KY_WBStreet.KY_WBStreet:PersistentLevel.Brush_ST_273.BrushComponent0) Component already registered.
[2019.01.16-20.28.09:501][543]LogActorComponent: ~FComponentReregisterContext: (/Game/KY_WBStreet.KY_WBStreet:PersistentLevel.Brush_ST_275.BrushComponent0) Component already registered.
[2019.01.16-20.28.09:502][543]LogActorComponent: ~FComponentReregisterContext: (/Game/KY_WBStreet.KY_WBStreet:PersistentLevel.Brush_ST_113.BrushComponent0) Component already registered.
[2019.01.16-20.28.09:504][543]LogActorComponent: ~FComponentReregisterContext: (/Game/KY_WBStreet.KY_WBStreet:PersistentLevel.Brush_ST_18.BrushComponent0) Component already registered.
[2019.01.16-20.28.09:504][543]LogActorComponent: ~FComponentReregisterContext: (/Game/KY_WBStreet.KY_WBStreet:PersistentLevel.Brush_ST_22.BrushComponent0) Component already registered.
[2019.01.16-20.28.09:505][543]LogActorComponent: ~FComponentReregisterContext: (/Game/KY_WBStreet.KY_WBStreet:PersistentLevel.BoxBrush95.BrushComponent0) Component already registered.
[2019.01.16-20.28.09:510][543]LogActorComponent: ~FComponentReregisterContext: (/Game/KY_WBStreet.KY_WBStreet:PersistentLevel.Brush_ST_47.BrushComponent0) Component already registered.
[2019.01.16-20.28.09:513][543]LogActorComponent: ~FComponentReregisterContext: (/Game/KY_WBStreet.KY_WBStreet:PersistentLevel.Brush_ST_176.BrushComponent0) Component already registered.
[2019.01.16-20.28.09:514][543]LogActorComponent: ~FComponentReregisterContext: (/Game/KY_WBStreet.KY_WBStreet:PersistentLevel.Brush_ST_194.BrushComponent0) Component already registered.
[2019.01.16-20.28.09:515][543]LogActorComponent: ~FComponentReregisterContext: (/Game/KY_WBStreet.KY_WBStreet:PersistentLevel.Brush_ST_153.BrushComponent0) Component already registered.
[2019.01.16-20.28.09:518][543]LogActorComponent: ~FComponentReregisterContext: (/Game/KY_WBStreet.KY_WBStreet:PersistentLevel.Brush_ST_215.BrushComponent0) Component already registered.
[2019.01.16-20.28.09:519][543]LogActorComponent: ~FComponentReregisterContext: (/Game/KY_WBStreet.KY_WBStreet:PersistentLevel.BoxBrush93.BrushComponent0) Component already registered.
[2019.01.16-20.28.09:520][543]LogActorComponent: ~FComponentReregisterContext: (/Game/KY_WBStreet.KY_WBStreet:PersistentLevel.Brush_ST_198.BrushComponent0) Component already registered.
[2019.01.16-20.28.22:893][106]Cmd: DELETE
[2019.01.16-20.28.22:893][106]Cmd: ACTOR DELETE
[2019.01.16-20.28.22:915][106]LogEditorActor: Deleted Actor: Brush
[2019.01.16-20.28.22:915][106]LogEditorActor: Deleted Actor: Brush
[2019.01.16-20.28.22:916][106]LogEditorActor: Deleted Actor: Brush
[2019.01.16-20.28.22:916][106]LogEditorActor: Deleted Actor: Brush
[2019.01.16-20.28.22:916][106]LogEditorActor: Deleted Actor: Brush
[2019.01.16-20.28.22:916][106]LogEditorActor: Deleted Actor: Brush
[2019.01.16-20.28.22:917][106]LogEditorActor: Deleted Actor: Brush
[2019.01.16-20.28.23:071][106]LogEditorActor: Deleted 7 Actors (0.177 secs)
[2019.01.16-20.28.26:664][519]LogEditorViewport: Clicking Background
[2019.01.16-20.28.27:785][652]Cmd: TRANSACTION UNDO
[2019.01.16-20.28.27:785][652]LogEditorTransaction: Undo Clicking Background
[2019.01.16-20.28.28:647][752]Cmd: TRANSACTION UNDO
[2019.01.16-20.28.28:647][752]LogEditorTransaction: Undo Apply Material to Surface
[2019.01.16-20.28.34:587][421]LogSlate: FSceneViewport::OnFocusLost() reason 0
[2019.01.16-20.28.38:773][896]Cmd: TRANSACTION UNDO
[2019.01.16-20.28.38:773][896]LogEditorTransaction: Undo Clicking on Actors
[2019.01.16-20.28.39:205][944]Cmd: TRANSACTION UNDO
[2019.01.16-20.28.39:205][944]LogEditorTransaction: Undo Clicking on Actors
[2019.01.16-20.28.54:249][651]Cmd: DELETE
[2019.01.16-20.28.54:249][651]Cmd: ACTOR DELETE
[2019.01.16-20.28.54:271][651]LogEditorActor: Deleted Actor: Brush
[2019.01.16-20.28.54:271][651]LogEditorActor: Deleted Actor: Brush
[2019.01.16-20.28.54:272][651]LogEditorActor: Deleted Actor: Brush
[2019.01.16-20.28.54:272][651]LogEditorActor: Deleted Actor: Brush
[2019.01.16-20.28.54:272][651]LogEditorActor: Deleted Actor: Brush
[2019.01.16-20.28.54:272][651]LogEditorActor: Deleted Actor: Brush
[2019.01.16-20.28.54:273][651]LogEditorActor: Deleted Actor: Brush
[2019.01.16-20.28.54:273][651]LogEditorActor: Deleted Actor: Brush
[2019.01.16-20.28.54:273][651]LogEditorActor: Deleted Actor: Brush
[2019.01.16-20.28.54:274][651]LogEditorActor: Deleted Actor: Brush
[2019.01.16-20.28.54:274][651]LogEditorActor: Deleted Actor: Brush
[2019.01.16-20.28.54:274][651]LogEditorActor: Deleted Actor: Brush
[2019.01.16-20.28.54:274][651]LogEditorActor: Deleted Actor: Brush
[2019.01.16-20.28.54:275][651]LogEditorActor: Deleted Actor: Brush
[2019.01.16-20.28.54:424][651]LogEditorActor: Deleted 14 Actors (0.174 secs)
[2019.01.16-20.29.14:358][  2]LogSlate: FSceneViewport::OnFocusLost() reason 0
[2019.01.16-20.29.53:333][518]LogSlate: FSceneViewport::OnFocusLost() reason 0
[2019.01.16-20.30.28:084][457]LogEditorActor: Deleted Actor: Brush
[2019.01.16-20.30.28:085][457]LogEditorActor: Deleted Actor: Brush
[2019.01.16-20.30.28:085][457]LogEditorActor: Deleted Actor: Brush
[2019.01.16-20.30.28:085][457]LogEditorActor: Deleted Actor: Brush
[2019.01.16-20.30.28:086][457]LogEditorActor: Deleted Actor: Brush
[2019.01.16-20.30.28:086][457]LogEditorActor: Deleted Actor: Brush
[2019.01.16-20.30.28:086][457]LogEditorActor: Deleted Actor: Brush
[2019.01.16-20.30.28:086][457]LogEditorActor: Deleted Actor: Brush
[2019.01.16-20.30.28:087][457]LogEditorActor: Deleted Actor: Brush
[2019.01.16-20.30.28:087][457]LogEditorActor: Deleted Actor: Brush
[2019.01.16-20.30.28:087][457]LogEditorActor: Deleted Actor: Brush
[2019.01.16-20.30.28:087][457]LogEditorActor: Deleted Actor: Brush
[2019.01.16-20.30.28:088][457]LogEditorActor: Deleted Actor: Brush
[2019.01.16-20.30.28:088][457]LogEditorActor: Deleted Actor: Brush
[2019.01.16-20.30.28:088][457]LogEditorActor: Deleted Actor: Brush
[2019.01.16-20.30.28:088][457]LogEditorActor: Deleted Actor: Brush
[2019.01.16-20.30.28:089][457]LogEditorActor: Deleted Actor: Brush
[2019.01.16-20.30.28:089][457]LogEditorActor: Deleted Actor: Brush
[2019.01.16-20.30.28:089][457]LogEditorActor: Deleted Actor: Brush
[2019.01.16-20.30.28:089][457]LogEditorActor: Deleted Actor: Brush
[2019.01.16-20.30.28:090][457]LogEditorActor: Deleted Actor: Brush
[2019.01.16-20.30.28:090][457]LogEditorActor: Deleted Actor: Brush
[2019.01.16-20.30.28:090][457]LogEditorActor: Deleted Actor: Brush
[2019.01.16-20.30.28:090][457]LogEditorActor: Deleted Actor: Brush
[2019.01.16-20.30.28:091][457]LogEditorActor: Deleted Actor: Brush
[2019.01.16-20.30.28:091][457]LogEditorActor: Deleted Actor: Brush
[2019.01.16-20.30.28:091][457]LogEditorActor: Deleted Actor: Brush
[2019.01.16-20.30.28:091][457]LogEditorActor: Deleted Actor: Brush
[2019.01.16-20.30.28:092][457]LogEditorActor: Deleted Actor: Brush
[2019.01.16-20.30.28:092][457]LogEditorActor: Deleted Actor: Brush
[2019.01.16-20.30.28:092][457]LogEditorActor: Deleted Actor: Brush
[2019.01.16-20.30.28:093][457]LogEditorActor: Deleted Actor: Brush
[2019.01.16-20.30.28:093][457]LogEditorActor: Deleted Actor: Brush
[2019.01.16-20.30.28:093][457]LogEditorActor: Deleted Actor: Brush
[2019.01.16-20.30.28:094][457]LogEditorActor: Deleted Actor: Brush
[2019.01.16-20.30.28:094][457]LogEditorActor: Deleted Actor: Brush
[2019.01.16-20.30.28:094][457]LogEditorActor: Deleted Actor: Brush
[2019.01.16-20.30.28:094][457]LogEditorActor: Deleted Actor: Brush
[2019.01.16-20.30.28:095][457]LogEditorActor: Deleted Actor: Brush
[2019.01.16-20.30.28:095][457]LogEditorActor: Deleted Actor: Brush
[2019.01.16-20.30.28:095][457]LogEditorActor: Deleted Actor: Brush
[2019.01.16-20.30.28:096][457]LogEditorActor: Deleted Actor: Brush
[2019.01.16-20.30.28:096][457]LogEditorActor: Deleted Actor: Brush
[2019.01.16-20.30.28:096][457]LogEditorActor: Deleted Actor: Brush
[2019.01.16-20.30.28:096][457]LogEditorActor: Deleted Actor: Brush
[2019.01.16-20.30.28:097][457]LogEditorActor: Deleted Actor: Brush
[2019.01.16-20.30.28:097][457]LogEditorActor: Deleted Actor: Brush
[2019.01.16-20.30.28:097][457]LogEditorActor: Deleted Actor: Brush
[2019.01.16-20.30.28:098][457]LogEditorActor: Deleted Actor: Brush
[2019.01.16-20.30.28:098][457]LogEditorActor: Deleted Actor: Brush
[2019.01.16-20.30.28:098][457]LogEditorActor: Deleted Actor: Brush
[2019.01.16-20.30.28:098][457]LogEditorActor: Deleted Actor: Brush
[2019.01.16-20.30.28:099][457]LogEditorActor: Deleted Actor: Brush
[2019.01.16-20.30.28:099][457]LogEditorActor: Deleted Actor: Brush
[2019.01.16-20.30.28:099][457]LogEditorActor: Deleted Actor: Brush
[2019.01.16-20.30.28:223][457]LogEditorActor: Deleted 55 Actors (0.166 secs)
[2019.01.16-20.30.34:260][155]LogSlate: FSceneViewport::OnFocusLost() reason 0
[2019.01.16-20.30.57:894][859]LogEditorActor: Deleted Actor: Brush
[2019.01.16-20.30.57:895][859]LogEditorActor: Deleted Actor: Brush
[2019.01.16-20.30.57:895][859]LogEditorActor: Deleted Actor: Brush
[2019.01.16-20.30.57:895][859]LogEditorActor: Deleted Actor: Brush
[2019.01.16-20.30.57:896][859]LogEditorActor: Deleted Actor: Brush
[2019.01.16-20.30.57:896][859]LogEditorActor: Deleted Actor: Brush
[2019.01.16-20.30.57:896][859]LogEditorActor: Deleted Actor: Brush
[2019.01.16-20.30.57:896][859]LogEditorActor: Deleted Actor: Brush
[2019.01.16-20.30.57:897][859]LogEditorActor: Deleted Actor: Brush
[2019.01.16-20.30.57:897][859]LogEditorActor: Deleted Actor: Brush
[2019.01.16-20.30.57:897][859]LogEditorActor: Deleted Actor: Brush
[2019.01.16-20.30.57:897][859]LogEditorActor: Deleted Actor: Brush
[2019.01.16-20.30.57:898][859]LogEditorActor: Deleted Actor: Brush
[2019.01.16-20.30.57:898][859]LogEditorActor: Deleted Actor: Brush
[2019.01.16-20.30.57:898][859]LogEditorActor: Deleted Actor: Brush
[2019.01.16-20.30.57:899][859]LogEditorActor: Deleted Actor: Brush
[2019.01.16-20.30.57:899][859]LogEditorActor: Deleted Actor: Brush
[2019.01.16-20.30.57:899][859]LogEditorActor: Deleted Actor: Brush
[2019.01.16-20.30.57:899][859]LogEditorActor: Deleted Actor: Brush
[2019.01.16-20.30.57:900][859]LogEditorActor: Deleted Actor: Brush
[2019.01.16-20.30.57:900][859]LogEditorActor: Deleted Actor: Brush
[2019.01.16-20.30.57:900][859]LogEditorActor: Deleted Actor: Brush
[2019.01.16-20.30.58:012][859]LogEditorActor: Deleted 22 Actors (0.137 secs)
[2019.01.16-20.31.02:801][404]LogEditorViewport: Clicking on Actor (LMB): BP_Sky_Sphere_C (Sky Sphere)
[2019.01.16-20.31.36:723][350]LogSlate: FSceneViewport::OnFocusLost() reason 0
[2019.01.16-20.31.41:682][665]LogEditorViewport: Clicking on Actor (LMB): BP_Sky_Sphere_C (Sky Sphere)
[2019.01.16-20.31.44:401][979]LogEditorViewport: Clicking on Actor (LMB): BP_Sky_Sphere_C (Sky Sphere)
[2019.01.16-20.31.54:691][  7]LogSlate: FSceneViewport::OnFocusLost() reason 0
[2019.01.16-20.32.07:889][761]LogEditorViewport: Clicking on Actor (LMB): BP_Sky_Sphere_C (Sky Sphere)
[2019.01.16-20.32.14:927][538]LogSlate: FSceneViewport::OnFocusLost() reason 0
[2019.01.16-20.32.33:702][120]LogAssetEditorManager: Opening Asset editor for MaterialInstanceConstant /Game/MI_WBoxGrass_KY.MI_WBoxGrass_KY
[2019.01.16-20.32.46:540][298]LogSlate: Window 'Color Picker' being destroyed
[2019.01.16-20.32.48:958][548]LogSlate: Window 'MI_WBoxGrass_KY*' being destroyed
[2019.01.16-20.32.48:962][548]LogSlate: Window 'MI_WBoxGrass_KY*' being destroyed
[2019.01.16-20.32.49:007][548]LogMaterial: Display: Missing cached shader map for material FDebugViewModeMaterialProxy MI_WBoxGrass_KY, compiling. 
[2019.01.16-20.32.49:462][548]LogShaderCompilers: Display: Shaders left to compile 1
[2019.01.16-20.32.49:463][548]TextureStreamingBuild: Display: Compiling optional shaders took 0.461 seconds.
[2019.01.16-20.32.56:896][397]Cmd: BRUSH ADD SELECTNEWBRUSH
[2019.01.16-20.33.30:991][348]LogSlate: FSceneViewport::OnFocusLost() reason 0
[2019.01.16-20.34.57:644][261]LogSlate: FSceneViewport::OnFocusLost() reason 0
[2019.01.16-20.35.30:400][ 59]LogSlate: FSceneViewport::OnFocusLost() reason 0
[2019.01.16-20.35.51:158][503]LogSlate: FSceneViewport::OnFocusLost() reason 0
[2019.01.16-20.36.06:711][317]LogSlate: FSceneViewport::OnFocusLost() reason 0
[2019.01.16-20.36.26:021][523]LogEditorViewport: Clicking on Actor (LMB): BP_Sky_Sphere_C (Sky Sphere)
[2019.01.16-20.36.42:573][482]LogSlate: FSceneViewport::OnFocusLost() reason 0
[2019.01.16-20.39.31:438][220]LogSlate: FSceneViewport::OnFocusLost() reason 0
[2019.01.16-20.39.49:367][882]LogAssetEditorManager: Opening Asset editor for MaterialInstanceConstant /Game/MI_WBoxStreet_KY.MI_WBoxStreet_KY
[2019.01.16-20.39.54:566][307]LogSlate: Window 'Color Picker' being destroyed
[2019.01.16-20.39.56:447][498]LogSlate: Window 'MI_WBoxStreet_KY*' being destroyed
[2019.01.16-20.39.56:451][498]LogSlate: Window 'MI_WBoxStreet_KY*' being destroyed
[2019.01.16-20.39.56:506][498]LogMaterial: Display: Missing cached shader map for material FDebugViewModeMaterialProxy MI_WBoxStreet_KY, compiling. 
[2019.01.16-20.39.56:939][498]LogShaderCompilers: Display: Shaders left to compile 1
[2019.01.16-20.39.56:966][498]TextureStreamingBuild: Display: Compiling optional shaders took 0.464 seconds.
[2019.01.16-20.39.58:091][619]LogEditorViewport: Clicking on Actor (LMB): BP_Sky_Sphere_C (Sky Sphere)
[2019.01.16-20.40.00:965][957]LogSlate: FSceneViewport::OnFocusLost() reason 2
[2019.01.16-20.40.00:972][957]Cmd: OBJ SAVEPACKAGE PACKAGE="/Game/KY_WBStreet" FILE="../../../../../../Users/u0911848/Documents/GitHub/KY_AssetPipeline/KY_WhiteBox/Content/KY_WBStreet.umap" SILENT=true AUTOSAVING=false KEEPDIRTY=false
[2019.01.16-20.40.01:484][957]LogSavePackage: Moving '../../../../../../Users/u0911848/Documents/GitHub/KY_AssetPipeline/KY_WhiteBox/Saved/KY_WBStreetBA0AEC294E3DDF3BA89B77B42EB7D428.tmp' to '../../../../../../Users/u0911848/Documents/GitHub/KY_AssetPipeline/KY_WhiteBox/Content/KY_WBStreet.umap'
[2019.01.16-20.40.01:539][957]Cmd: OBJ SAVEPACKAGE PACKAGE="/Game/KY_WBStreet_BuiltData" FILE="../../../../../../Users/u0911848/Documents/GitHub/KY_AssetPipeline/KY_WhiteBox/Content/KY_WBStreet_BuiltData.uasset" SILENT=true
[2019.01.16-20.40.01:560][957]LogSavePackage: Moving '../../../../../../Users/u0911848/Documents/GitHub/KY_AssetPipeline/KY_WhiteBox/Saved/KY_WBStreet_BuiltDataC3E80F3D4AFEC889956012A0E567EF1B.tmp' to '../../../../../../Users/u0911848/Documents/GitHub/KY_AssetPipeline/KY_WhiteBox/Content/KY_WBStreet_BuiltData.uasset'
